<?xml version="1.0" encoding="UTF-8"?>
<!-- Generated by org.testng.reporters.JUnitReportReporter -->
<testsuite hostname="SOUMYA" failures="0" tests="1" name="com.qa.softwaretestingboard.tests.LoginPageTest" time="4.612" errors="0" timestamp="2025-01-31T17:49:15 IST" skipped="0">
  <testcase classname="com.qa.softwaretestingboard.tests.LoginPageTest" name="loginPageTitleTest" time="4.612"/>
</testsuite> <!-- com.qa.softwaretestingboard.tests.LoginPageTest -->
