<?xml version="1.0" encoding="UTF-8"?>
<!-- Generated by org.testng.reporters.JUnitReportReporter -->
<testsuite hostname="SOUMYA" failures="0" tests="8" name="com.qa.softwaretestingboard.tests.RegisterPageTest" time="85.666" errors="0" timestamp="2025-01-31T17:49:15 IST" skipped="0">
  <testcase classname="com.qa.softwaretestingboard.tests.RegisterPageTest" name="verifyRegisterPageNavigationTest" time="1.979"/>
  <testcase classname="com.qa.softwaretestingboard.tests.RegisterPageTest" name="verifyRegisterPageNavigationTest" time="2.118"/>
  <testcase classname="com.qa.softwaretestingboard.tests.RegisterPageTest" name="userRegisterTest" time="13.188"/>
  <testcase classname="com.qa.softwaretestingboard.tests.RegisterPageTest" name="userRegisterTest" time="13.775"/>
  <testcase classname="com.qa.softwaretestingboard.tests.RegisterPageTest" name="userRegisterTest" time="13.676"/>
  <testcase classname="com.qa.softwaretestingboard.tests.RegisterPageTest" name="userRegisterTest" time="13.525"/>
  <testcase classname="com.qa.softwaretestingboard.tests.RegisterPageTest" name="userRegisterTest" time="13.580"/>
  <testcase classname="com.qa.softwaretestingboard.tests.RegisterPageTest" name="userRegisterTest" time="13.825"/>
</testsuite> <!-- com.qa.softwaretestingboard.tests.RegisterPageTest -->
